<?xml version="1.0" encoding="UTF-8"?>
<testsuite name="memory.MemoryFinderTest" tests="1" skipped="0" failures="0" errors="0" timestamp="2023-12-03T08:03:38" hostname="DESKTOP-VSUB80U" time="0.302">
  <properties/>
  <testcase name="get()" classname="memory.MemoryFinderTest" time="0.302"/>
  <system-out><![CDATA[]]></system-out>
  <system-err><![CDATA[]]></system-err>
</testsuite>
